2023-04-02 22:58:23.366094 - Initialized conversion of CBT251
2023-04-02 22:58:23.725260 - Received CBT.V504.FILE251.PDS from FILE251.XMI 
2023-04-02 22:58:23.727880 - Found $$$#DATE.txt (text/plain) in CBT.V504.FILE251.PDS, moved to PDS/$$$#DATE
2023-04-02 22:58:23.728882 - Found $$$DOC.txt (text/plain) in CBT.V504.FILE251.PDS, moved to PDS/$$$DOC
2023-04-02 22:58:23.730156 - Found @FILE251.txt (text/plain) in CBT.V504.FILE251.PDS, moved to PDS/@FILE251
2023-04-02 22:58:23.731327 - Found ADDAFTR.txt (text/plain) in CBT.V504.FILE251.PDS, moved to PDS/ADDAFTR
2023-04-02 22:58:23.732402 - Found BUPMEM.txt (text/plain) in CBT.V504.FILE251.PDS, moved to PDS/BUPMEM
2023-04-02 22:58:23.732411 - Found CHGID.bin containing application/octet-stream, moved to PDS/CHGID
2023-04-02 22:58:23.733598 - Found CHGSTS.bin containing application/octet-stream, moved to PDS/CHGSTS
2023-04-02 22:58:23.735848 - Found CLISTDOC.txt (text/plain) in CBT.V504.FILE251.PDS, moved to PDS/CLISTDOC
2023-04-02 22:58:23.736993 - Found CMODEL.txt (text/plain) in CBT.V504.FILE251.PDS, moved to PDS/CMODEL
2023-04-02 22:58:23.738003 - Found CUTCOL#.txt (text/plain) in CBT.V504.FILE251.PDS, moved to PDS/CUTCOL#
2023-04-02 22:58:23.738980 - Found CUTCOLS.txt (text/plain) in CBT.V504.FILE251.PDS, moved to PDS/CUTCOLS
2023-04-02 22:58:23.740092 - Found DELMARK.txt (text/plain) in CBT.V504.FILE251.PDS, moved to PDS/DELMARK
2023-04-02 22:58:23.741129 - Found DOCMAC.txt (text/plain) in CBT.V504.FILE251.PDS, moved to PDS/DOCMAC
2023-04-02 22:58:23.742100 - Found FINDPROC.txt (text/plain) in CBT.V504.FILE251.PDS, moved to PDS/FINDPROC
2023-04-02 22:58:23.743111 - Found FPROCBLD.txt (text/plain) in CBT.V504.FILE251.PDS, moved to PDS/FPROCBLD
2023-04-02 22:58:23.744215 - Found FPROCMAC.txt (text/plain) in CBT.V504.FILE251.PDS, moved to PDS/FPROCMAC
2023-04-02 22:58:23.745276 - Found FPROCTOP.txt (text/plain) in CBT.V504.FILE251.PDS, moved to PDS/FPROCTOP
2023-04-02 22:58:23.746296 - Found HELPMAC.txt (text/plain) in CBT.V504.FILE251.PDS, moved to PDS/HELPMAC
2023-04-02 22:58:23.747341 - Found INSERTM.txt (text/plain) in CBT.V504.FILE251.PDS, moved to PDS/INSERTM
2023-04-02 22:58:23.748342 - Found ISPYP1.txt (text/plain) in CBT.V504.FILE251.PDS, moved to PDS/ISPYP1
2023-04-02 22:58:23.749304 - Found LINEGRP.txt (text/plain) in CBT.V504.FILE251.PDS, moved to PDS/LINEGRP
2023-04-02 22:58:23.750254 - Found MACDOC.txt (text/plain) in CBT.V504.FILE251.PDS, moved to PDS/MACDOC
2023-04-02 22:58:23.751182 - Found MACPEEK.txt (text/plain) in CBT.V504.FILE251.PDS, moved to PDS/MACPEEK
2023-04-02 22:58:23.752236 - Found MACVIEW.txt (text/plain) in CBT.V504.FILE251.PDS, moved to PDS/MACVIEW
2023-04-02 22:58:23.753294 - Found MARK.txt (text/plain) in CBT.V504.FILE251.PDS, moved to PDS/MARK
2023-04-02 22:58:23.754291 - Found MARKCLR.txt (text/plain) in CBT.V504.FILE251.PDS, moved to PDS/MARKCLR
2023-04-02 22:58:23.755233 - Found MEMDEL.txt (text/plain) in CBT.V504.FILE251.PDS, moved to PDS/MEMDEL
2023-04-02 22:58:23.756322 - Found MEMLSTX.txt (text/plain) in CBT.V504.FILE251.PDS, moved to PDS/MEMLSTX
2023-04-02 22:58:23.756332 - Found MOVECOL#.bin containing application/octet-stream, moved to PDS/MOVECOL#
2023-04-02 22:58:23.758356 - Found MOVECOLS.txt (text/plain) in CBT.V504.FILE251.PDS, moved to PDS/MOVECOLS
2023-04-02 22:58:23.759374 - Found MOVFIEL#.txt (text/plain) in CBT.V504.FILE251.PDS, moved to PDS/MOVFIEL#
2023-04-02 22:58:23.760469 - Found MOVFIELD.txt (text/plain) in CBT.V504.FILE251.PDS, moved to PDS/MOVFIELD
2023-04-02 22:58:23.761539 - Found MPAST.txt (text/plain) in CBT.V504.FILE251.PDS, moved to PDS/MPAST
2023-04-02 22:58:23.762592 - Found MSGMAKE.txt (text/plain) in CBT.V504.FILE251.PDS, moved to PDS/MSGMAKE
2023-04-02 22:58:23.763670 - Found PANPEEK.txt (text/plain) in CBT.V504.FILE251.PDS, moved to PDS/PANPEEK
2023-04-02 22:58:23.764745 - Found PANVIEW.txt (text/plain) in CBT.V504.FILE251.PDS, moved to PDS/PANVIEW
2023-04-02 22:58:23.765891 - Found SALTER.txt (text/plain) in CBT.V504.FILE251.PDS, moved to PDS/SALTER
2023-04-02 22:58:23.766869 - Found SKELPEEK.txt (text/plain) in CBT.V504.FILE251.PDS, moved to PDS/SKELPEEK
2023-04-02 22:58:23.767957 - Found SKELVIEW.txt (text/plain) in CBT.V504.FILE251.PDS, moved to PDS/SKELVIEW
2023-04-02 22:58:23.769045 - Found SYA$DOC.txt (text/plain) in CBT.V504.FILE251.PDS, moved to PDS/SYA$DOC
2023-04-02 22:58:23.770038 - Found SYACATC.txt (text/plain) in CBT.V504.FILE251.PDS, moved to PDS/SYACATC
2023-04-02 22:58:23.771024 - Found SYACLNUP.txt (text/plain) in CBT.V504.FILE251.PDS, moved to PDS/SYACLNUP
2023-04-02 22:58:23.772012 - Found SYACOPYI.txt (text/plain) in CBT.V504.FILE251.PDS, moved to PDS/SYACOPYI
2023-04-02 22:58:23.773072 - Found SYACOPYO.txt (text/plain) in CBT.V504.FILE251.PDS, moved to PDS/SYACOPYO
2023-04-02 22:58:23.774070 - Found SYAGENER.txt (text/plain) in CBT.V504.FILE251.PDS, moved to PDS/SYAGENER
2023-04-02 22:58:23.775052 - Found SYAGENRI.txt (text/plain) in CBT.V504.FILE251.PDS, moved to PDS/SYAGENRI
2023-04-02 22:58:23.776118 - Found SYAGENRO.txt (text/plain) in CBT.V504.FILE251.PDS, moved to PDS/SYAGENRO
2023-04-02 22:58:23.777198 - Found SYAJBALL.txt (text/plain) in CBT.V504.FILE251.PDS, moved to PDS/SYAJBALL
2023-04-02 22:58:23.778206 - Found SYAPDS.txt (text/plain) in CBT.V504.FILE251.PDS, moved to PDS/SYAPDS
2023-04-02 22:58:23.779160 - Found SYARENAM.txt (text/plain) in CBT.V504.FILE251.PDS, moved to PDS/SYARENAM
2023-04-02 22:58:23.780246 - Found SYAUDCAT.txt (text/plain) in CBT.V504.FILE251.PDS, moved to PDS/SYAUDCAT
2023-04-02 22:58:23.781225 - Found SYAUNCAT.txt (text/plain) in CBT.V504.FILE251.PDS, moved to PDS/SYAUNCAT
2023-04-02 22:58:23.782200 - Found VOID.txt (text/plain) in CBT.V504.FILE251.PDS, moved to PDS/VOID
2023-04-02 22:58:23.783202 - Found VPANEL.txt (text/plain) in CBT.V504.FILE251.PDS, moved to PDS/VPANEL
2023-04-02 22:58:23.784183 - Found VTZAPBLD.txt (text/plain) in CBT.V504.FILE251.PDS, moved to PDS/VTZAPBLD
2023-04-02 22:58:23.785409 - Found WCUT.txt (text/plain) in CBT.V504.FILE251.PDS, moved to PDS/WCUT
2023-04-02 22:58:23.786692 - Found WCUT2.txt (text/plain) in CBT.V504.FILE251.PDS, moved to PDS/WCUT2
2023-04-02 22:58:23.787726 - Found WPASTE.txt (text/plain) in CBT.V504.FILE251.PDS, moved to PDS/WPASTE
